<?xml version="1.0" encoding="utf-8"?><testsuites name="pytest tests"><testsuite name="pytest" errors="0" failures="2" skipped="0" tests="51" time="2.459" timestamp="2026-07-29T18:48:41.455862+00:00" hostname="agent-env-f81d5498-3fed-4f84-bd5d-b5aa69b8a4ae"><testcase classname="tests.test_iteration5.TestParsers" name="test_supported_ext_set" time="0.119" /><testcase classname="tests.test_iteration5.TestDynamicNormalization" name="test_tokens[INR xx, xxx.00-&lt;AMOUNT&gt;]" time="0.121" /><testcase classname="tests.test_iteration5.TestDynamicNormalization" name="test_tokens[INR 12,500.00-&lt;AMOUNT&gt;]" time="0.000" /><testcase classname="tests.test_iteration5.TestDynamicNormalization" name="test_tokens[$12.50-&lt;AMOUNT&gt;]" time="0.000" /><testcase classname="tests.test_iteration5.TestDynamicNormalization" name="test_tokens[02-Jun-2026-&lt;DATE&gt;]" time="0.000" /><testcase classname="tests.test_iteration5.TestDynamicNormalization" name="test_tokens[05-Jun-2026-&lt;DATE&gt;]" time="0.000" /><testcase classname="tests.test_iteration5.TestDynamicNormalization" name="test_tokens[Jun 5, 2026-&lt;DATE&gt;]" time="0.000" /><testcase classname="tests.test_iteration5.TestDynamicNormalization" name="test_amount_full_collapse" time="0.000" /><testcase classname="tests.test_iteration5.TestDynamicNormalization" name="test_mask" time="0.000" /><testcase classname="tests.test_iteration5.TestDynamicNormalization" name="test_longnum" time="0.000" /><testcase classname="tests.test_iteration5.TestDynamicNormalization" name="test_smart_similarity_amount_pair" time="0.000" /><testcase classname="tests.test_iteration5.TestDynamicNormalization" name="test_strict_similarity_amount_pair_less_than_one" time="0.000" /><testcase classname="tests.test_iteration5.TestDynamicNormalization" name="test_weights_greeting_zero" time="0.000" /><testcase classname="tests.test_iteration5.TestNoiseFilter" name="test_noise_detected[30/07/2026, 00:00 Gmail - Fwd: Your balance update]" time="0.000" /><testcase classname="tests.test_iteration5.TestNoiseFilter" name="test_noise_detected[https://mail.google.com/mail/u/0]" time="0.000" /><testcase classname="tests.test_iteration5.TestNoiseFilter" name="test_noise_detected[&lt;someone@example.com&gt;]" time="0.000" /><testcase classname="tests.test_iteration5.TestNoiseFilter" name="test_noise_detected[K irtimaan C hhabra]" time="0.000" /><testcase classname="tests.test_iteration5.TestNoiseFilter" name="test_noise_detected[K C]" time="0.000"><failure message="AssertionError: K C&#10;assert False is True&#10; +  where False = &lt;function _is_noise_line at 0xfcc6fbb5c2c0&gt;('K C')">tests/test_iteration5.py:210: in test_noise_detected
    assert _is_noise_line(line) is True, line
E   AssertionError: K C
E   assert False is True
E    +  where False = &lt;function _is_noise_line at 0xfcc6fbb5c2c0&gt;('K C')</failure></testcase><testcase classname="tests.test_iteration5.TestNoiseFilter" name="test_real_content_kept[Dear KIRTIMAAN CHHABRA,]" time="0.001" /><testcase classname="tests.test_iteration5.TestNoiseFilter" name="test_real_content_kept[Your total balance is INR 12,500.00 as of 02-Jun-2026.]" time="0.001" /><testcase classname="tests.test_iteration5.TestParsers" name="test_parse_each_extension[.csv]" time="0.347" /><testcase classname="tests.test_iteration5.TestParsers" name="test_parse_each_extension[.docx]" time="0.007" /><testcase classname="tests.test_iteration5.TestParsers" name="test_parse_each_extension[.eml]" time="0.002" /><testcase classname="tests.test_iteration5.TestParsers" name="test_parse_each_extension[.htm]" time="0.001" /><testcase classname="tests.test_iteration5.TestParsers" name="test_parse_each_extension[.html]" time="0.001" /><testcase classname="tests.test_iteration5.TestParsers" name="test_parse_each_extension[.pdf]" time="0.030" /><testcase classname="tests.test_iteration5.TestCrossFormat" name="test_any_to_any[.txt-.docx]" time="0.700" /><testcase classname="tests.test_iteration5.TestParsers" name="test_parse_each_extension[.pptx]" time="0.004" /><testcase classname="tests.test_iteration5.TestParsers" name="test_parse_each_extension[.txt]" time="0.000" /><testcase classname="tests.test_iteration5.TestParsers" name="test_parse_each_extension[.xlsx]" time="0.003" /><testcase classname="tests.test_iteration5.TestParsers" name="test_unsupported_extension_raises" time="0.000" /><testcase classname="tests.test_iteration5.TestParsers" name="test_html_font_size_zero_not_dropped" time="0.001" /><testcase classname="tests.test_iteration5.TestPackagingStatic" name="test_file_exists_non_empty[/app/backend/launcher.py]" time="0.000" /><testcase classname="tests.test_iteration5.TestPackagingStatic" name="test_file_exists_non_empty[/app/uat_tool.spec]" time="0.000" /><testcase classname="tests.test_iteration5.TestPackagingStatic" name="test_file_exists_non_empty[/app/build.sh]" time="0.000" /><testcase classname="tests.test_iteration5.TestPackagingStatic" name="test_file_exists_non_empty[/app/build.bat]" time="0.000" /><testcase classname="tests.test_iteration5.TestPackagingStatic" name="test_launcher_imports" time="0.001" /><testcase classname="tests.test_iteration5.TestPackagingStatic" name="test_server_static_mount_guarded" time="0.000" /><testcase classname="tests.test_iteration5.TestPackagingStatic" name="test_frontend_supported_exts" time="0.000" /><testcase classname="tests.test_iteration5.TestCrossFormat" name="test_any_to_any[.html-.eml]" time="0.055" /><testcase classname="tests.test_iteration5.TestCrossFormat" name="test_any_to_any[.csv-.xlsx]" time="0.205" /><testcase classname="tests.test_iteration5.TestCrossFormat" name="test_any_to_any[.pdf-.txt]" time="0.223" /><testcase classname="tests.test_iteration5.TestCrossFormat" name="test_any_to_any[.pptx-.html]" time="0.124" /><testcase classname="tests.test_iteration5.TestAmexPdfEml" name="test_greeting_extracted_and_matched" time="0.860" /><testcase classname="tests.test_iteration5.TestAmexPdfEml" name="test_greeting_prepended_into_body" time="0.000" /><testcase classname="tests.test_iteration5.TestAmexPdfEml" name="test_amount_row_similarity_is_one" time="0.000" /><testcase classname="tests.test_iteration5.TestAmexPdfEml" name="test_body_score_above_40" time="0.000" /><testcase classname="tests.test_iteration5.TestAmexPdfEml" name="test_overall_score_positive" time="0.000" /><testcase classname="tests.test_iteration5.TestSupportedEndpoint" name="test_supported_extensions" time="0.107" /><testcase classname="tests.test_iteration5.TestCrossFormat" name="test_reverse_amex_eml_pdf" time="0.308" /><testcase classname="tests.test_iteration5.TestCrossFormat" name="test_strict_mode_amex_scores_lower" time="0.266"><failure message="AssertionError: [{'mockup': 'INR xx, xxx.00', 'output': 'INR xx, xxx.00', 'mockup_index': 4, 'output_index': 4, ...}, {'mockup': 'INR xx, xxx.00', 'output': 'INR 0.00', 'mockup_index': 7, 'output_index': 9, ...}]&#10;assert False&#10; +  where False = all(&lt;generator object TestCrossFormat.test_strict_mode_amex_scores_lower.&lt;locals&gt;.&lt;genexpr&gt; at 0xfcc6e46cedc0&gt;)">tests/test_iteration5.py:312: in test_strict_mode_amex_scores_lower
    assert all(x["similarity"] &lt; 1.0 for x in rows), rows
E   AssertionError: [{'mockup': 'INR xx, xxx.00', 'output': 'INR xx, xxx.00', 'mockup_index': 4, 'output_index': 4, ...}, {'mockup': 'INR xx, xxx.00', 'output': 'INR 0.00', 'mockup_index': 7, 'output_index': 9, ...}]
E   assert False
E    +  where False = all(&lt;generator object TestCrossFormat.test_strict_mode_amex_scores_lower.&lt;locals&gt;.&lt;genexpr&gt; at 0xfcc6e46cedc0&gt;)</failure></testcase></testsuite></testsuites>