<?xml version="1.0" encoding="utf-8"?><testsuites name="pytest tests"><testsuite name="pytest" errors="0" failures="0" skipped="1" tests="74" time="3.706" timestamp="2026-07-29T18:49:38.757947+00:00" hostname="agent-env-f81d5498-3fed-4f84-bd5d-b5aa69b8a4ae"><testcase classname="tests.test_iteration5.TestParsers" name="test_supported_ext_set" time="0.112" /><testcase classname="tests.test_iteration5.TestDynamicNormalization" name="test_tokens[INR xx, xxx.00-&lt;AMOUNT&gt;]" time="0.116" /><testcase classname="tests.test_iteration5.TestDynamicNormalization" name="test_tokens[INR 12,500.00-&lt;AMOUNT&gt;]" time="0.000" /><testcase classname="tests.test_iteration5.TestDynamicNormalization" name="test_tokens[$12.50-&lt;AMOUNT&gt;]" time="0.000" /><testcase classname="tests.test_iteration5.TestDynamicNormalization" name="test_tokens[02-Jun-2026-&lt;DATE&gt;]" time="0.000" /><testcase classname="tests.test_iteration5.TestDynamicNormalization" name="test_tokens[05-Jun-2026-&lt;DATE&gt;]" time="0.000" /><testcase classname="tests.test_iteration5.TestDynamicNormalization" name="test_tokens[Jun 5, 2026-&lt;DATE&gt;]" time="0.000" /><testcase classname="tests.test_iteration5.TestDynamicNormalization" name="test_amount_full_collapse" time="0.000" /><testcase classname="tests.test_iteration5.TestDynamicNormalization" name="test_mask" time="0.000" /><testcase classname="tests.test_iteration5.TestDynamicNormalization" name="test_longnum" time="0.000" /><testcase classname="tests.test_iteration5.TestDynamicNormalization" name="test_smart_similarity_amount_pair" time="0.000" /><testcase classname="tests.test_iteration5.TestDynamicNormalization" name="test_strict_similarity_amount_pair_less_than_one" time="0.000" /><testcase classname="tests.test_iteration5.TestDynamicNormalization" name="test_weights_greeting_zero" time="0.000" /><testcase classname="tests.backend_test.TestV2Paragraphs" name="test_samples_v2_exist" time="0.000" /><testcase classname="tests.test_iteration5.TestParsers" name="test_parse_each_extension[.csv]" time="0.240" /><testcase classname="tests.test_iteration5.TestParsers" name="test_parse_each_extension[.docx]" time="0.007" /><testcase classname="tests.test_iteration5.TestParsers" name="test_parse_each_extension[.eml]" time="0.002" /><testcase classname="tests.test_iteration5.TestParsers" name="test_parse_each_extension[.htm]" time="0.001" /><testcase classname="tests.test_iteration5.TestParsers" name="test_parse_each_extension[.html]" time="0.001" /><testcase classname="tests.test_iteration5.TestParsers" name="test_parse_each_extension[.pdf]" time="0.032" /><testcase classname="tests.test_iteration5.TestParsers" name="test_parse_each_extension[.pptx]" time="0.004" /><testcase classname="tests.test_iteration5.TestParsers" name="test_parse_each_extension[.txt]" time="0.000" /><testcase classname="tests.test_iteration5.TestParsers" name="test_parse_each_extension[.xlsx]" time="0.003" /><testcase classname="tests.test_iteration5.TestParsers" name="test_unsupported_extension_raises" time="0.000" /><testcase classname="tests.test_iteration5.TestParsers" name="test_html_font_size_zero_not_dropped" time="0.001" /><testcase classname="tests.test_iteration5.TestNoiseFilter" name="test_noise_detected[30/07/2026, 00:00 Gmail - Fwd: Your balance update]" time="0.000" /><testcase classname="tests.test_iteration5.TestNoiseFilter" name="test_noise_detected[https://mail.google.com/mail/u/0]" time="0.000" /><testcase classname="tests.test_iteration5.TestNoiseFilter" name="test_noise_detected[&lt;someone@example.com&gt;]" time="0.000" /><testcase classname="tests.test_iteration5.TestNoiseFilter" name="test_noise_detected[K irtimaan C hhabra]" time="0.000" /><testcase classname="tests.test_iteration5.TestNoiseFilter" name="test_noise_detected[K C]" time="0.000"><skipped type="pytest.xfail" message="KNOWN GAP iteration_5: 2-word avatar initials like 'K C' are not filtered (_is_noise_line only letter-space-checks &gt;=3 words)" /></testcase><testcase classname="tests.backend_test.TestV2Paragraphs" name="test_body_row_count_is_ten" time="0.311" /><testcase classname="tests.backend_test.TestV2Paragraphs" name="test_row_fields_present" time="0.000" /><testcase classname="tests.backend_test.TestV2Paragraphs" name="test_placement_swap_detected" time="0.000" /><testcase classname="tests.backend_test.TestV2Paragraphs" name="test_strikethrough_excluded_v2" time="0.000" /><testcase classname="tests.backend_test.TestV2Paragraphs" name="test_image_rendered_flag" time="0.000" /><testcase classname="tests.backend_test.TestV2Paragraphs" name="test_report_shape_v2" time="0.000" /><testcase classname="tests.test_iteration5.TestNoiseFilter" name="test_real_content_kept[Dear KIRTIMAAN CHHABRA,]" time="0.000" /><testcase classname="tests.test_iteration5.TestNoiseFilter" name="test_real_content_kept[Your total balance is INR 12,500.00 as of 02-Jun-2026.]" time="0.000" /><testcase classname="tests.test_iteration5.TestPackagingStatic" name="test_file_exists_non_empty[/app/backend/launcher.py]" time="0.000" /><testcase classname="tests.test_iteration5.TestPackagingStatic" name="test_file_exists_non_empty[/app/uat_tool.spec]" time="0.000" /><testcase classname="tests.test_iteration5.TestPackagingStatic" name="test_file_exists_non_empty[/app/build.sh]" time="0.000" /><testcase classname="tests.test_iteration5.TestPackagingStatic" name="test_file_exists_non_empty[/app/build.bat]" time="0.000" /><testcase classname="tests.test_iteration5.TestPackagingStatic" name="test_launcher_imports" time="0.001" /><testcase classname="tests.test_iteration5.TestPackagingStatic" name="test_server_static_mount_guarded" time="0.000" /><testcase classname="tests.test_iteration5.TestPackagingStatic" name="test_frontend_supported_exts" time="0.000" /><testcase classname="tests.backend_test.TestCompare" name="test_samples_exist" time="0.000" /><testcase classname="tests.backend_test.TestCompare" name="test_compare_smart_shape" time="0.320" /><testcase classname="tests.test_iteration5.TestCrossFormat" name="test_any_to_any[.txt-.docx]" time="0.438" /><testcase classname="tests.backend_test.TestCompare" name="test_strikethrough_excluded_smart" time="0.088" /><testcase classname="tests.backend_test.TestCompare" name="test_strikethrough_excluded_strict" time="0.496" /><testcase classname="tests.test_iteration5.TestCrossFormat" name="test_any_to_any[.html-.eml]" time="0.074" /><testcase classname="tests.test_iteration5.TestCrossFormat" name="test_any_to_any[.csv-.xlsx]" time="0.241" /><testcase classname="tests.test_iteration5.TestCrossFormat" name="test_any_to_any[.pdf-.txt]" time="0.110" /><testcase classname="tests.test_iteration5.TestCrossFormat" name="test_any_to_any[.pptx-.html]" time="0.117" /><testcase classname="tests.backend_test.TestCompare" name="test_link_and_image_stats" time="0.112" /><testcase classname="tests.test_iteration5.TestCrossFormat" name="test_reverse_amex_eml_pdf" time="0.316" /><testcase classname="tests.backend_test.TestCompare" name="test_compare_bad_mockup_returns_400" time="0.065" /><testcase classname="tests.test_iteration5.TestCrossFormat" name="test_strict_mode_amex_scores_lower" time="0.414" /><testcase classname="tests.test_iteration5.TestAmexPdfEml" name="test_greeting_extracted_and_matched" time="0.417" /><testcase classname="tests.test_iteration5.TestAmexPdfEml" name="test_greeting_prepended_into_body" time="0.000" /><testcase classname="tests.test_iteration5.TestAmexPdfEml" name="test_amount_row_similarity_is_one" time="0.000" /><testcase classname="tests.test_iteration5.TestAmexPdfEml" name="test_body_score_above_40" time="0.000" /><testcase classname="tests.test_iteration5.TestAmexPdfEml" name="test_overall_score_positive" time="0.000" /><testcase classname="tests.backend_test.TestExports" name="test_export_html_and_pdf" time="0.384" /><testcase classname="tests.backend_test.TestHistory" name="test_history_list_contains_run" time="0.138" /><testcase classname="tests.backend_test.TestHistory" name="test_history_get_pdf_html_and_delete" time="0.519" /><testcase classname="tests.backend_test.TestExports" name="test_export_html_missing_report" time="0.070" /><testcase classname="tests.backend_test.TestUnitLevel" name="test_word_level_diff" time="0.001" /><testcase classname="tests.backend_test.TestUnitLevel" name="test_image_not_rendered" time="0.000" /><testcase classname="tests.backend_test.TestPrd" name="test_prd_docx" time="0.082" /><testcase classname="tests.backend_test.TestBatch" name="test_batch_zip" time="0.135" /><testcase classname="tests.test_iteration5.TestSupportedEndpoint" name="test_supported_extensions" time="0.531" /><testcase classname="tests.backend_test.TestHistory" name="test_history_404_unknown" time="0.149" /><testcase classname="tests.backend_test.TestHealth" name="test_root" time="0.303" /></testsuite></testsuites>