<?xml version="1.0" encoding="utf-8"?><testsuites name="pytest tests"><testsuite name="pytest" errors="0" failures="1" skipped="0" tests="101" time="3.883" timestamp="2026-07-29T19:03:14.789265+00:00" hostname="agent-env-f81d5498-3fed-4f84-bd5d-b5aa69b8a4ae"><testcase classname="tests.test_iteration5.TestParsers" name="test_supported_ext_set" time="0.112" /><testcase classname="tests.test_iteration5.TestDynamicNormalization" name="test_tokens[INR xx, xxx.00-&lt;AMOUNT&gt;]" time="0.128" /><testcase classname="tests.test_iteration5.TestDynamicNormalization" name="test_tokens[INR 12,500.00-&lt;AMOUNT&gt;]" time="0.000" /><testcase classname="tests.test_iteration5.TestDynamicNormalization" name="test_tokens[$12.50-&lt;AMOUNT&gt;]" time="0.001" /><testcase classname="tests.test_iteration5.TestDynamicNormalization" name="test_tokens[02-Jun-2026-&lt;DATE&gt;]" time="0.002" /><testcase classname="tests.test_iteration5.TestDynamicNormalization" name="test_tokens[05-Jun-2026-&lt;DATE&gt;]" time="0.000" /><testcase classname="tests.test_iteration5.TestDynamicNormalization" name="test_tokens[Jun 5, 2026-&lt;DATE&gt;]" time="0.004" /><testcase classname="tests.test_iteration5.TestDynamicNormalization" name="test_amount_full_collapse" time="0.001" /><testcase classname="tests.test_iteration5.TestDynamicNormalization" name="test_mask" time="0.000" /><testcase classname="tests.test_iteration5.TestDynamicNormalization" name="test_longnum" time="0.000" /><testcase classname="tests.test_iteration5.TestDynamicNormalization" name="test_smart_similarity_amount_pair" time="0.000" /><testcase classname="tests.test_iteration5.TestDynamicNormalization" name="test_strict_similarity_amount_pair_less_than_one" time="0.000" /><testcase classname="tests.test_iteration5.TestDynamicNormalization" name="test_weights_greeting_zero" time="0.000" /><testcase classname="tests.backend_test.TestV2Paragraphs" name="test_samples_v2_exist" time="0.000" /><testcase classname="tests.test_iteration5.TestParsers" name="test_parse_each_extension[.csv]" time="0.242" /><testcase classname="tests.test_iteration5.TestParsers" name="test_parse_each_extension[.docx]" time="0.007" /><testcase classname="tests.test_iteration5.TestParsers" name="test_parse_each_extension[.eml]" time="0.002" /><testcase classname="tests.test_iteration5.TestParsers" name="test_parse_each_extension[.htm]" time="0.001" /><testcase classname="tests.test_iteration5.TestParsers" name="test_parse_each_extension[.html]" time="0.002" /><testcase classname="tests.test_iteration5.TestParsers" name="test_parse_each_extension[.pdf]" time="0.030" /><testcase classname="tests.test_iteration5.TestParsers" name="test_parse_each_extension[.pptx]" time="0.004" /><testcase classname="tests.test_iteration5.TestParsers" name="test_parse_each_extension[.txt]" time="0.001" /><testcase classname="tests.test_iteration5.TestParsers" name="test_parse_each_extension[.xlsx]" time="0.003" /><testcase classname="tests.test_iteration5.TestParsers" name="test_unsupported_extension_raises" time="0.000" /><testcase classname="tests.test_iteration5.TestParsers" name="test_html_font_size_zero_not_dropped" time="0.001" /><testcase classname="tests.test_iteration5.TestNoiseFilter" name="test_noise_detected[30/07/2026, 00:00 Gmail - Fwd: Your balance update]" time="0.000" /><testcase classname="tests.test_iteration5.TestNoiseFilter" name="test_noise_detected[https://mail.google.com/mail/u/0]" time="0.000" /><testcase classname="tests.test_iteration5.TestNoiseFilter" name="test_noise_detected[&lt;someone@example.com&gt;]" time="0.000" /><testcase classname="tests.test_iteration5.TestNoiseFilter" name="test_noise_detected[K irtimaan C hhabra]" time="0.000" /><testcase classname="tests.test_iteration5.TestNoiseFilter" name="test_noise_detected[K C]" time="0.000" /><testcase classname="tests.test_iteration5.TestNoiseFilter" name="test_real_content_kept[Dear KIRTIMAAN CHHABRA,]" time="0.000" /><testcase classname="tests.test_iteration5.TestNoiseFilter" name="test_real_content_kept[Your total balance is INR 12,500.00 as of 02-Jun-2026.]" time="0.000" /><testcase classname="tests.test_iteration5.TestCrossFormat" name="test_any_to_any[.txt-.docx]" time="0.148" /><testcase classname="tests.backend_test.TestV2Paragraphs" name="test_body_row_count_is_ten" time="0.318" /><testcase classname="tests.backend_test.TestV2Paragraphs" name="test_row_fields_present" time="0.000" /><testcase classname="tests.backend_test.TestV2Paragraphs" name="test_placement_swap_detected" time="0.000" /><testcase classname="tests.backend_test.TestV2Paragraphs" name="test_strikethrough_excluded_v2" time="0.000" /><testcase classname="tests.backend_test.TestV2Paragraphs" name="test_image_rendered_flag" time="0.000" /><testcase classname="tests.backend_test.TestV2Paragraphs" name="test_report_shape_v2" time="0.000" /><testcase classname="tests.test_iteration5.TestPackagingStatic" name="test_file_exists_non_empty[/app/backend/launcher.py]" time="0.000" /><testcase classname="tests.test_iteration5.TestPackagingStatic" name="test_file_exists_non_empty[/app/uat_tool.spec]" time="0.000" /><testcase classname="tests.test_iteration5.TestPackagingStatic" name="test_file_exists_non_empty[/app/build.sh]" time="0.000" /><testcase classname="tests.test_iteration5.TestPackagingStatic" name="test_file_exists_non_empty[/app/build.bat]" time="0.000" /><testcase classname="tests.test_iteration5.TestPackagingStatic" name="test_launcher_imports" time="0.001" /><testcase classname="tests.test_iteration5.TestPackagingStatic" name="test_server_static_mount_guarded" time="0.000" /><testcase classname="tests.test_iteration5.TestPackagingStatic" name="test_frontend_supported_exts" time="0.000" /><testcase classname="tests.test_iteration6.TestNoiseFilterIteration6" name="test_new_noise_patterns[K C]" time="0.000" /><testcase classname="tests.test_iteration6.TestNoiseFilterIteration6" name="test_new_noise_patterns[K  C]" time="0.000" /><testcase classname="tests.test_iteration6.TestNoiseFilterIteration6" name="test_new_noise_patterns[https://mail.google.com/mail/u/0/?ik=abc123&amp;view=pt&amp;search=all&amp;permmsgid=msg-f:12345 1/3]" time="0.000" /><testcase classname="tests.test_iteration6.TestNoiseFilterIteration6" name="test_real_content_not_filtered[Dear KIRTIMAAN CHHABRA,]" time="0.000" /><testcase classname="tests.test_iteration6.TestNoiseFilterIteration6" name="test_real_content_not_filtered[Your total balance is INR 12,500.00 as of 02-Jun-2026.]" time="0.000" /><testcase classname="tests.test_iteration6.TestNoiseFilterIteration6" name="test_real_content_not_filtered[View statement now]" time="0.000" /><testcase classname="tests.test_iteration6.TestNoiseFilterIteration6" name="test_real_content_not_filtered[Hi there]" time="0.000" /><testcase classname="tests.backend_test.TestCompare" name="test_samples_exist" time="0.000" /><testcase classname="tests.backend_test.TestCompare" name="test_compare_smart_shape" time="0.206" /><testcase classname="tests.test_iteration5.TestCrossFormat" name="test_any_to_any[.html-.eml]" time="0.071" /><testcase classname="tests.test_iteration5.TestCrossFormat" name="test_any_to_any[.csv-.xlsx]" time="0.257" /><testcase classname="tests.backend_test.TestCompare" name="test_strikethrough_excluded_smart" time="0.233" /><testcase classname="tests.test_iteration5.TestCrossFormat" name="test_any_to_any[.pdf-.txt]" time="0.125" /><testcase classname="tests.backend_test.TestCompare" name="test_strikethrough_excluded_strict" time="0.124" /><testcase classname="tests.test_iteration5.TestCrossFormat" name="test_any_to_any[.pptx-.html]" time="0.120" /><testcase classname="tests.backend_test.TestCompare" name="test_link_and_image_stats" time="0.125" /><testcase classname="tests.test_iteration5.TestCrossFormat" name="test_reverse_amex_eml_pdf" time="0.296" /><testcase classname="tests.backend_test.TestCompare" name="test_compare_bad_mockup_returns_400" time="0.068" /><testcase classname="tests.test_iteration5.TestCrossFormat" name="test_strict_mode_amex_scores_lower" time="0.367" /><testcase classname="tests.test_iteration6.TestAmexIteration6" name="test_pdf_subject_extracted" time="0.353" /><testcase classname="tests.test_iteration6.TestAmexIteration6" name="test_subject_score" time="0.000" /><testcase classname="tests.test_iteration6.TestAmexIteration6" name="test_link_partial_credit" time="0.000" /><testcase classname="tests.test_iteration6.TestAmexIteration6" name="test_overall_score_improved" time="0.000" /><testcase classname="tests.test_iteration6.TestAmexIteration6" name="test_body_first_row_greeting_match" time="0.000" /><testcase classname="tests.test_iteration6.TestAmexIteration6" name="test_no_avatar_initials_in_body" time="0.000" /><testcase classname="tests.test_iteration6.TestDynamicDateNormalization" name="test_whitespace_tolerant_date[06- Jun-2026]" time="0.000" /><testcase classname="tests.test_iteration6.TestDynamicDateNormalization" name="test_whitespace_tolerant_date[06 -Jun -2026]" time="0.000" /><testcase classname="tests.test_iteration6.TestDynamicDateNormalization" name="test_whitespace_tolerant_date[02-Jun-2026]" time="0.000" /><testcase classname="tests.test_iteration6.TestDynamicDateNormalization" name="test_whitespace_tolerant_date[06- Jun -2026]" time="0.000" /><testcase classname="tests.backend_test.TestHistory" name="test_history_list_contains_run" time="0.466" /><testcase classname="tests.backend_test.TestHistory" name="test_history_get_pdf_html_and_delete" time="0.568" /><testcase classname="tests.test_iteration5.TestAmexPdfEml" name="test_greeting_extracted_and_matched" time="0.266" /><testcase classname="tests.test_iteration5.TestAmexPdfEml" name="test_greeting_prepended_into_body" time="0.000" /><testcase classname="tests.test_iteration5.TestAmexPdfEml" name="test_amount_row_similarity_is_one" time="0.000" /><testcase classname="tests.test_iteration5.TestAmexPdfEml" name="test_body_score_above_40" time="0.000" /><testcase classname="tests.test_iteration5.TestAmexPdfEml" name="test_overall_score_positive" time="0.000" /><testcase classname="tests.test_iteration6.TestEmptySectionExclusion" name="test_empty_footer_flagged_and_excluded" time="0.001" /><testcase classname="tests.test_iteration6.TestEmptySectionExclusion" name="test_empty_links_and_images_should_not_penalise" time="0.001"><failure message="AssertionError: {'matched': 0, 'text_matched': 0, 'url_matched': 0, 'total': 1, ...}&#10;assert 1 == 0">E   AssertionError: {'matched': 0, 'text_matched': 0, 'url_matched': 0, 'total': 1, ...}
    assert 1 == 0</failure></testcase><testcase classname="tests.test_iteration6.TestEmptySectionExclusion" name="test_empty_section_does_not_mask_mismatch" time="0.000" /><testcase classname="tests.test_iteration6.TestStaticIteration6" name="test_spec_hiddenimports" time="0.000" /><testcase classname="tests.test_iteration6.TestStaticIteration6" name="test_diffreport_dynamic_ext" time="0.000" /><testcase classname="tests.test_iteration6.TestStaticIteration6" name="test_guide_mentions_formats_and_bundle" time="0.000" /><testcase classname="tests.backend_test.TestExports" name="test_export_html_and_pdf" time="0.478" /><testcase classname="tests.backend_test.TestExports" name="test_export_html_missing_report" time="0.080" /><testcase classname="tests.backend_test.TestHistory" name="test_history_404_unknown" time="0.143" /><testcase classname="tests.backend_test.TestUnitLevel" name="test_word_level_diff" time="0.000" /><testcase classname="tests.backend_test.TestUnitLevel" name="test_image_not_rendered" time="0.000" /><testcase classname="tests.backend_test.TestHealth" name="test_root" time="0.074" /><testcase classname="tests.backend_test.TestPrd" name="test_prd_docx" time="0.075" /><testcase classname="tests.test_iteration6.TestCompareFieldEmpty" name="test_empty_both_sides" time="0.000" /><testcase classname="tests.test_iteration6.TestCompareFieldEmpty" name="test_non_empty_not_flagged" time="0.000" /><testcase classname="tests.test_iteration6.TestCompareFieldEmpty" name="test_one_side_empty_not_flagged" time="0.000" /><testcase classname="tests.test_iteration6.TestParsePdfSubject" name="test_parse_pdf_subject_direct" time="0.714" /><testcase classname="tests.backend_test.TestBatch" name="test_batch_zip" time="0.139" /><testcase classname="tests.test_iteration5.TestSupportedEndpoint" name="test_supported_extensions" time="0.300" /></testsuite></testsuites>