<?xml version="1.0" encoding="utf-8"?><testsuites name="pytest tests"><testsuite name="pytest" errors="0" failures="0" skipped="0" tests="23" time="1.844" timestamp="2026-07-26T10:10:04.713889+00:00" hostname="agent-env-f81d5498-3fed-4f84-bd5d-b5aa69b8a4ae"><testcase classname="tests.backend_test.TestCompare" name="test_samples_exist" time="0.000" /><testcase classname="tests.backend_test.TestV2Paragraphs" name="test_samples_v2_exist" time="0.001" /><testcase classname="tests.backend_test.TestCompare" name="test_compare_smart_shape" time="0.156" /><testcase classname="tests.backend_test.TestCompare" name="test_strikethrough_excluded_smart" time="0.077" /><testcase classname="tests.backend_test.TestV2Paragraphs" name="test_body_row_count_is_nine" time="0.206" /><testcase classname="tests.backend_test.TestV2Paragraphs" name="test_row_fields_present" time="0.000" /><testcase classname="tests.backend_test.TestV2Paragraphs" name="test_placement_swap_detected" time="0.000" /><testcase classname="tests.backend_test.TestV2Paragraphs" name="test_strikethrough_excluded_v2" time="0.000" /><testcase classname="tests.backend_test.TestV2Paragraphs" name="test_image_rendered_flag" time="0.000" /><testcase classname="tests.backend_test.TestV2Paragraphs" name="test_report_shape_v2" time="0.000" /><testcase classname="tests.backend_test.TestHistory" name="test_history_list_contains_run" time="0.105" /><testcase classname="tests.backend_test.TestCompare" name="test_strikethrough_excluded_strict" time="0.061" /><testcase classname="tests.backend_test.TestCompare" name="test_link_and_image_stats" time="0.064" /><testcase classname="tests.backend_test.TestHistory" name="test_history_get_pdf_html_and_delete" time="0.550" /><testcase classname="tests.backend_test.TestCompare" name="test_compare_bad_mockup_returns_400" time="0.084" /><testcase classname="tests.backend_test.TestExports" name="test_export_html_and_pdf" time="0.323" /><testcase classname="tests.backend_test.TestExports" name="test_export_html_missing_report" time="0.081" /><testcase classname="tests.backend_test.TestHealth" name="test_root" time="0.040" /><testcase classname="tests.backend_test.TestHistory" name="test_history_404_unknown" time="0.164" /><testcase classname="tests.backend_test.TestPrd" name="test_prd_docx" time="0.082" /><testcase classname="tests.backend_test.TestBatch" name="test_batch_zip" time="0.487" /><testcase classname="tests.backend_test.TestUnitLevel" name="test_word_level_diff" time="0.160" /><testcase classname="tests.backend_test.TestUnitLevel" name="test_image_not_rendered" time="0.195" /></testsuite></testsuites>